<?xml version="1.0" encoding="UTF-8"?>
<!-- Generated by org.testng.reporters.JUnitReportReporter -->
<testsuite hostname="DESKTOP-BL2895T" failures="0" tests="1" name="com.qa.testcases.AmazonSearchResultsPageTest" time="114.096" errors="0" timestamp="2021-07-29T16:47:28 IST" skipped="0">
  <testcase classname="com.qa.testcases.AmazonSearchResultsPageTest" name="clickProductAndPrintPrice" time="114.096"/>
  <system-out/>
</testsuite> <!-- com.qa.testcases.AmazonSearchResultsPageTest -->
