<?xml version="1.0" encoding="UTF-8"?>
<!-- Generated by org.testng.reporters.JUnitReportReporter -->
<testsuite hostname="DESKTOP-BL2895T" failures="0" tests="1" name="com.flipkart.qa.testcases.FlipkartCartPageTest" time="70.645" errors="0" timestamp="2021-07-26T23:36:59 IST" skipped="0">
  <testcase classname="com.flipkart.qa.testcases.FlipkartCartPageTest" name="printTotalAmount" time="70.645"/>
  <system-out/>
</testsuite> <!-- com.flipkart.qa.testcases.FlipkartCartPageTest -->
