<?xml version="1.0" encoding="UTF-8"?>
<!-- Generated by org.testng.reporters.JUnitReportReporter -->
<testsuite hostname="DESKTOP-BL2895T" failures="0" tests="1" name="com.qa.testcases.FlipkartSearchResultsPageTest" time="53.301" errors="0" timestamp="2021-07-27T02:39:42 IST" skipped="0">
  <testcase classname="com.qa.testcases.FlipkartSearchResultsPageTest" name="clickProductAndPrintPrice" time="53.301"/>
  <system-out/>
</testsuite> <!-- com.qa.testcases.FlipkartSearchResultsPageTest -->
