<?xml version="1.0" encoding="UTF-8"?>
<!-- Generated by org.testng.reporters.JUnitReportReporter -->
<testsuite hostname="DESKTOP-BL2895T" failures="0" tests="1" name="com.flipkart.qa.testcases.FlipkartLandingPageTest" time="50.903" errors="0" timestamp="2021-07-25T16:33:45 IST" skipped="0">
  <testcase classname="com.flipkart.qa.testcases.FlipkartLandingPageTest" name="enterProduct" time="50.903"/>
  <system-out/>
</testsuite> <!-- com.flipkart.qa.testcases.FlipkartLandingPageTest -->
