<?xml version="1.0" encoding="UTF-8"?>
<!-- Generated by org.testng.reporters.JUnitReportReporter -->
<testsuite hostname="DESKTOP-BL2895T" failures="0" tests="2" name="com.qa.testcases.PriorityTestCase" time="0.008" errors="0" timestamp="2021-07-29T16:57:05 IST" skipped="0">
  <testcase classname="com.qa.testcases.PriorityTestCase" name="CheckPriority" time="0.007"/>
  <system-out/>
  <testcase classname="com.qa.testcases.PriorityTestCase" name="Priority" time="0.001"/>
  <system-out/>
</testsuite> <!-- com.qa.testcases.PriorityTestCase -->
