<?xml version="1.0" encoding="UTF-8"?>
<!-- Generated by org.testng.reporters.JUnitReportReporter -->
<testsuite hostname="DESKTOP-BL2895T" failures="0" tests="1" name="com.qa.testcases.AmazonLandingPageTest" time="102.744" errors="0" timestamp="2021-07-29T16:47:28 IST" skipped="0">
  <testcase classname="com.qa.testcases.AmazonLandingPageTest" name="enterProduct" time="102.744"/>
  <system-out/>
</testsuite> <!-- com.qa.testcases.AmazonLandingPageTest -->
